2022-07-25 18:32:16:3216 - [32minfo[39m: [32mBackend está rodando na porta: 3000[39m
2022-07-25 18:33:30:3330 - [32minfo[39m: [32mConectado ao MongoDB com sucesso![39m
2022-07-25 18:33:30:3330 - [32minfo[39m: [32mBackend está rodando na porta: 3000[39m
2022-07-25 18:33:54:3354 - [31merror[39m: [31mNão foi possível conectar ao Banco de Dados.[39m
2022-07-25 18:33:54:3354 - [31merror[39m: [31mError: MongoServerError: bad auth : Authentication failed..[39m
2022-07-25 18:33:54:3354 - [32minfo[39m: [32mBackend está rodando na porta: 3000[39m
2022-07-25 18:34:07:347 - [32minfo[39m: [32mConectado ao MongoDB com sucesso![39m
2022-07-25 18:34:07:347 - [32minfo[39m: [32mBackend está rodando na porta: 3000[39m
2022-07-25 18:34:44:3444 - [32minfo[39m: [32mConectado ao MongoDB com sucesso![39m
2022-07-25 18:34:44:3444 - [32minfo[39m: [32mBackend está rodando na porta: 3000[39m
2022-07-25 18:40:54:4054 - [32minfo[39m: [32mConectado ao MongoDB com sucesso![39m
2022-07-25 18:40:54:4054 - [32minfo[39m: [32mBackend está rodando na porta: 3000[39m
2022-07-25 18:41:19:4119 - [32minfo[39m: [32mConectado ao MongoDB com sucesso![39m
2022-07-25 18:41:19:4119 - [32minfo[39m: [32mBackend está rodando na porta: 3000[39m
2022-07-25 18:41:21:4121 - [35mhttp[39m: [35mGET /api/teste 200 25 - 2.270 ms[39m
[35m[39m
2022-07-25 19:57:49:5749 - [32minfo[39m: [32mConectado ao MongoDB com sucesso![39m
2022-07-25 19:57:49:5749 - [32minfo[39m: [32mBackend está rodando na porta: 3000[39m
2022-07-25 19:58:15:5815 - [35mhttp[39m: [35mPOST /api/movie 200 23 - 2.156 ms[39m
[35m[39m
2022-07-25 20:00:58:058 - [32minfo[39m: [32mConectado ao MongoDB com sucesso![39m
2022-07-25 20:00:58:058 - [32minfo[39m: [32mBackend está rodando na porta: 3000[39m
2022-07-25 20:01:46:146 - [31merror[39m: [31mErro no sistema: Cannot read properties of undefined (reading 'create')[39m
2022-07-25 20:01:52:152 - [35mhttp[39m: [35mPOST /api/movie - - - - ms[39m
[35m[39m
2022-07-25 20:03:11:311 - [32minfo[39m: [32mConectado ao MongoDB com sucesso![39m
2022-07-25 20:03:11:311 - [32minfo[39m: [32mBackend está rodando na porta: 3000[39m
2022-07-25 20:03:19:319 - [32minfo[39m: [32mConectado ao MongoDB com sucesso![39m
2022-07-25 20:03:19:319 - [32minfo[39m: [32mBackend está rodando na porta: 3000[39m
2022-07-25 20:03:28:328 - [35mhttp[39m: [35mPOST /api/movie 200 155 - 44.938 ms[39m
[35m[39m
2022-07-25 20:10:18:1018 - [32minfo[39m: [32mConectado ao MongoDB com sucesso![39m
2022-07-25 20:10:18:1018 - [32minfo[39m: [32mBackend está rodando na porta: 3000[39m
2022-07-25 20:13:42:1342 - [32minfo[39m: [32mConectado ao MongoDB com sucesso![39m
2022-07-25 20:13:42:1342 - [32minfo[39m: [32mBackend está rodando na porta: 3000[39m
2022-07-25 20:14:04:144 - [35mhttp[39m: [35mPOST /api/movie 422 51 - 4.610 ms[39m
[35m[39m
2022-07-25 20:14:37:1437 - [35mhttp[39m: [35mPOST /api/movie 200 154 - 48.956 ms[39m
[35m[39m
2022-07-25 20:16:59:1659 - [32minfo[39m: [32mConectado ao MongoDB com sucesso![39m
2022-07-25 20:16:59:1659 - [32minfo[39m: [32mBackend está rodando na porta: 3000[39m
2022-07-25 20:17:01:171 - [32minfo[39m: [32mConectado ao MongoDB com sucesso![39m
2022-07-25 20:17:01:171 - [32minfo[39m: [32mBackend está rodando na porta: 3000[39m
2022-07-25 20:17:13:1713 - [35mhttp[39m: [35mPOST /api/movie 422 56 - 6.248 ms[39m
[35m[39m
2022-07-25 20:17:25:1725 - [35mhttp[39m: [35mPOST /api/movie 200 163 - 61.488 ms[39m
[35m[39m
2022-07-25 20:19:19:1919 - [32minfo[39m: [32mConectado ao MongoDB com sucesso![39m
2022-07-25 20:19:19:1919 - [32minfo[39m: [32mBackend está rodando na porta: 3000[39m
2022-07-25 20:19:38:1938 - [32minfo[39m: [32mConectado ao MongoDB com sucesso![39m
2022-07-25 20:19:38:1938 - [32minfo[39m: [32mBackend está rodando na porta: 3000[39m
2022-07-25 20:19:56:1956 - [35mhttp[39m: [35mPOST /api/movie 422 57 - 6.644 ms[39m
[35m[39m
2022-07-25 20:20:02:202 - [35mhttp[39m: [35mPOST /api/movie 422 57 - 1.918 ms[39m
[35m[39m
2022-07-25 20:20:54:2054 - [32minfo[39m: [32mConectado ao MongoDB com sucesso![39m
2022-07-25 20:20:54:2054 - [32minfo[39m: [32mBackend está rodando na porta: 3000[39m
2022-07-25 20:21:40:2140 - [35mhttp[39m: [35mPOST /api/movie 200 194 - 52.503 ms[39m
[35m[39m
2022-07-25 20:22:26:2226 - [32minfo[39m: [32mConectado ao MongoDB com sucesso![39m
2022-07-25 20:22:26:2226 - [32minfo[39m: [32mBackend está rodando na porta: 3000[39m
2022-07-25 20:22:52:2252 - [35mhttp[39m: [35mPOST /api/movie 422 62 - 6.835 ms[39m
[35m[39m
2022-07-25 20:23:11:2311 - [35mhttp[39m: [35mPOST /api/movie 200 222 - 44.968 ms[39m
[35m[39m
2022-07-25 20:24:06:246 - [32minfo[39m: [32mConectado ao MongoDB com sucesso![39m
2022-07-25 20:24:06:246 - [32minfo[39m: [32mBackend está rodando na porta: 3000[39m
2022-07-25 20:24:07:247 - [35mhttp[39m: [35mPOST /api/movie 422 55 - 9.559 ms[39m
[35m[39m
2022-07-25 20:27:48:2748 - [32minfo[39m: [32mConectado ao MongoDB com sucesso![39m
2022-07-25 20:27:48:2748 - [32minfo[39m: [32mBackend está rodando na porta: 3000[39m
2022-07-25 20:28:22:2822 - [32minfo[39m: [32mConectado ao MongoDB com sucesso![39m
2022-07-25 20:28:22:2822 - [32minfo[39m: [32mBackend está rodando na porta: 3000[39m
2022-07-25 20:28:35:2835 - [31merror[39m: [31mErro no sistema: Cast to ObjectId failed for value "1" (type string) at path "_id" for model "Movie"[39m
2022-07-25 20:28:39:2839 - [35mhttp[39m: [35mGET /api/movie/1 - - - - ms[39m
[35m[39m
2022-07-25 20:29:20:2920 - [31merror[39m: [31mErro no sistema: Cast to ObjectId failed for value "1" (type string) at path "_id" for model "Movie"[39m
2022-07-25 20:29:22:2922 - [35mhttp[39m: [35mGET /api/movie/1 - - - - ms[39m
[35m[39m
2022-07-25 20:30:22:3022 - [35mhttp[39m: [35mGET /api/movie/62df2140b8c75053dcd3f442 - - - - ms[39m
[35m[39m
2022-07-25 20:31:40:3140 - [32minfo[39m: [32mConectado ao MongoDB com sucesso![39m
2022-07-25 20:31:40:3140 - [32minfo[39m: [32mBackend está rodando na porta: 3000[39m
2022-07-25 20:31:41:3141 - [35mhttp[39m: [35mGET /api/movie/62df2140b8c75053dcd3f442 200 155 - 37.377 ms[39m
[35m[39m
2022-07-25 20:31:45:3145 - [35mhttp[39m: [35mGET /api/movie/62df2140b8c75053dcd3f443 404 31 - 30.317 ms[39m
[35m[39m
2022-07-25 20:31:48:3148 - [35mhttp[39m: [35mGET /api/movie/62df2140b8c75053dcd3f442 200 155 - 27.705 ms[39m
[35m[39m
2022-07-25 20:33:50:3350 - [32minfo[39m: [32mConectado ao MongoDB com sucesso![39m
2022-07-25 20:33:50:3350 - [32minfo[39m: [32mBackend está rodando na porta: 3000[39m
2022-07-25 20:34:10:3410 - [32minfo[39m: [32mConectado ao MongoDB com sucesso![39m
2022-07-25 20:34:10:3410 - [32minfo[39m: [32mBackend está rodando na porta: 3000[39m
2022-07-25 20:34:16:3416 - [35mhttp[39m: [35mGET /api/movies 200 894 - 43.430 ms[39m
[35m[39m
2022-07-25 20:37:20:3720 - [32minfo[39m: [32mConectado ao MongoDB com sucesso![39m
2022-07-25 20:37:20:3720 - [32minfo[39m: [32mBackend está rodando na porta: 3000[39m
2022-07-25 20:37:51:3751 - [32minfo[39m: [32mConectado ao MongoDB com sucesso![39m
2022-07-25 20:37:51:3751 - [32minfo[39m: [32mBackend está rodando na porta: 3000[39m
2022-07-25 20:39:26:3926 - [32minfo[39m: [32mConectado ao MongoDB com sucesso![39m
2022-07-25 20:39:26:3926 - [32minfo[39m: [32mBackend está rodando na porta: 3000[39m
2022-07-25 20:39:43:3943 - [32minfo[39m: [32mConectado ao MongoDB com sucesso![39m
2022-07-25 20:39:43:3943 - [32minfo[39m: [32mBackend está rodando na porta: 3000[39m
2022-07-25 20:40:10:4010 - [35mhttp[39m: [35mDELETE /api/movie/62df25df59a8ba2454efadf7 - - - - ms[39m
[35m[39m
2022-07-25 20:40:14:4014 - [35mhttp[39m: [35mDELETE /api/movie/62df25df59a8ba2454efadf6 404 34 - 26.802 ms[39m
[35m[39m
2022-07-25 20:40:56:4056 - [32minfo[39m: [32mConectado ao MongoDB com sucesso![39m
2022-07-25 20:40:56:4056 - [32minfo[39m: [32mBackend está rodando na porta: 3000[39m
2022-07-25 20:41:00:410 - [35mhttp[39m: [35mDELETE /api/movie/62df25df59a8ba2454efadf7 200 37 - 76.219 ms[39m
[35m[39m
2022-07-25 20:41:11:4111 - [35mhttp[39m: [35mGET /api/movies 200 671 - 42.529 ms[39m
[35m[39m
2022-07-25 20:43:54:4354 - [32minfo[39m: [32mConectado ao MongoDB com sucesso![39m
2022-07-25 20:43:54:4354 - [32minfo[39m: [32mBackend está rodando na porta: 3000[39m
2022-07-25 20:44:17:4417 - [32minfo[39m: [32mConectado ao MongoDB com sucesso![39m
2022-07-25 20:44:17:4417 - [32minfo[39m: [32mBackend está rodando na porta: 3000[39m
2022-07-25 20:45:43:4543 - [32minfo[39m: [32mConectado ao MongoDB com sucesso![39m
2022-07-25 20:45:43:4543 - [32minfo[39m: [32mBackend está rodando na porta: 3000[39m
2022-07-25 20:46:06:466 - [32minfo[39m: [32mConectado ao MongoDB com sucesso![39m
2022-07-25 20:46:06:466 - [32minfo[39m: [32mBackend está rodando na porta: 3000[39m
2022-07-25 20:46:14:4614 - [32minfo[39m: [32mConectado ao MongoDB com sucesso![39m
2022-07-25 20:46:14:4614 - [32minfo[39m: [32mBackend está rodando na porta: 3000[39m
2022-07-25 20:46:34:4634 - [35mhttp[39m: [35mPATCH /api/movie/62df258494831394ce5de4be 404 175 - 2.094 ms[39m
[35m[39m
2022-07-25 20:46:53:4653 - [35mhttp[39m: [35mGET /api/movies 200 671 - 40.020 ms[39m
[35m[39m
2022-07-25 20:47:01:471 - [35mhttp[39m: [35mPOST /api/movie 422 55 - 5.345 ms[39m
[35m[39m
2022-07-25 20:47:03:473 - [35mhttp[39m: [35mPOST /api/movie 422 55 - 2.368 ms[39m
[35m[39m
2022-07-25 20:48:00:480 - [35mhttp[39m: [35mPOST /api/movie 200 333 - 55.136 ms[39m
[35m[39m
2022-07-25 20:48:23:4823 - [35mhttp[39m: [35mPATCH /api/movie/62df2bb01d1ddb3089c24697 404 175 - 0.472 ms[39m
[35m[39m
2022-07-25 20:48:36:4836 - [32minfo[39m: [32mConectado ao MongoDB com sucesso![39m
2022-07-25 20:48:36:4836 - [32minfo[39m: [32mBackend está rodando na porta: 3000[39m
2022-07-25 20:48:38:4838 - [35mhttp[39m: [35mPATCH /api/movie/62df2bb01d1ddb3089c24697 200 203 - 115.918 ms[39m
[35m[39m
2022-07-25 20:49:06:496 - [35mhttp[39m: [35mGET /api/movies 200 1005 - 40.750 ms[39m
[35m[39m
2022-07-25 20:49:38:4938 - [32minfo[39m: [32mConectado ao MongoDB com sucesso![39m
2022-07-25 20:49:38:4938 - [32minfo[39m: [32mBackend está rodando na porta: 3000[39m
